# JRE version: OpenJDK Runtime Environment Temurin-21.0.9+10 (21.0.9+10) (build 21.0.9+10-LTS)
# Java VM: OpenJDK 64-Bit Server VM Temurin-21.0.9+10 (21.0.9+10-LTS, mixed mode, sharing, tiered, compressed oops, compressed class ptrs, parallel gc, windows-amd64)
GC Precious Log:
 CardTable entry size: 512
 CPUs: 12 total, 12 available
 Memory: 16147M
 Large Page Support: Disabled
 NUMA Support: Disabled
 Compressed Oops: Enabled (32-bit)
 Alignments: Space 512K, Generation 512K, Heap 2M
 Heap Min Capacity: 100M
 Heap Initial Capacity: 100M
 Heap Max Capacity: 2G
 Pre-touch: Disabled
 Parallel Workers: 10
Heap:
 PSYoungGen      total 18432K, used 14461K [0x00000000d5580000, 0x00000000d6880000, 0x0000000100000000)
  eden space 17408K, 79% used [0x00000000d5580000,0x00000000d63191a0,0x00000000d6680000)
  from space 1024K, 52% used [0x00000000d6780000,0x00000000d6806508,0x00000000d6880000)
  to   space 1024K, 0% used [0x00000000d6680000,0x00000000d6680000,0x00000000d6780000)
 ParOldGen       total 68608K, used 59708K [0x0000000080000000, 0x0000000084300000, 0x00000000d5580000)
  object space 68608K, 87% used [0x0000000080000000,0x0000000083a4f208,0x0000000084300000)
 Metaspace       used 58752K, committed 60224K, reserved 1114112K
  class space    used 6314K, committed 6912K, reserved 1048576K
GC Heap History (20 events):
Event: 6.384 GC heap after
{Heap after GC invocations=62 (full 3):
 PSYoungGen      total 18432K, used 786K [0x00000000d5580000, 0x00000000d6900000, 0x0000000100000000)
  eden space 17408K, 0% used [0x00000000d5580000,0x00000000d5580000,0x00000000d6680000)
  from space 1024K, 76% used [0x00000000d6680000,0x00000000d6744940,0x00000000d6780000)
  to   space 1024K, 0% used [0x00000000d6800000,0x00000000d6800000,0x00000000d6900000)
 ParOldGen       total 68608K, used 52974K [0x0000000080000000, 0x0000000084300000, 0x00000000d5580000)
  object space 68608K, 77% used [0x0000000080000000,0x00000000833bb840,0x0000000084300000)
 Metaspace       used 58642K, committed 60032K, reserved 1114112K
  class space    used 6308K, committed 6912K, reserved 1048576K
}
Event: 6.393 GC heap before
{Heap before GC invocations=63 (full 3):
 PSYoungGen      total 18432K, used 18194K [0x00000000d5580000, 0x00000000d6900000, 0x0000000100000000)
  eden space 17408K, 100% used [0x00000000d5580000,0x00000000d6680000,0x00000000d6680000)
  from space 1024K, 76% used [0x00000000d6680000,0x00000000d6744940,0x00000000d6780000)
  to   space 1024K, 0% used [0x00000000d6800000,0x00000000d6800000,0x00000000d6900000)
 ParOldGen       total 68608K, used 52974K [0x0000000080000000, 0x0000000084300000, 0x00000000d5580000)
  object space 68608K, 77% used [0x0000000080000000,0x00000000833bb840,0x0000000084300000)
 Metaspace       used 58643K, committed 60032K, reserved 1114112K
  class space    used 6308K, committed 6912K, reserved 1048576K
}
Event: 6.395 GC heap after
{Heap after GC invocations=63 (full 3):
 PSYoungGen      total 18432K, used 879K [0x00000000d5580000, 0x00000000d6900000, 0x0000000100000000)
  eden space 17408K, 0% used [0x00000000d5580000,0x00000000d5580000,0x00000000d6680000)
  from space 1024K, 85% used [0x00000000d6800000,0x00000000d68dbc58,0x00000000d6900000)
  to   space 1024K, 0% used [0x00000000d6680000,0x00000000d6680000,0x00000000d6780000)
 ParOldGen       total 68608K, used 53442K [0x0000000080000000, 0x0000000084300000, 0x00000000d5580000)
  object space 68608K, 77% used [0x0000000080000000,0x00000000834309c8,0x0000000084300000)
 Metaspace       used 58643K, committed 60032K, reserved 1114112K
  class space    used 6308K, committed 6912K, reserved 1048576K
}
Event: 6.411 GC heap before
{Heap before GC invocations=64 (full 3):
 PSYoungGen      total 18432K, used 18287K [0x00000000d5580000, 0x00000000d6900000, 0x0000000100000000)
  eden space 17408K, 100% used [0x00000000d5580000,0x00000000d6680000,0x00000000d6680000)
  from space 1024K, 85% used [0x00000000d6800000,0x00000000d68dbc58,0x00000000d6900000)
  to   space 1024K, 0% used [0x00000000d6680000,0x00000000d6680000,0x00000000d6780000)
 ParOldGen       total 68608K, used 53442K [0x0000000080000000, 0x0000000084300000, 0x00000000d5580000)
  object space 68608K, 77% used [0x0000000080000000,0x00000000834309c8,0x0000000084300000)
 Metaspace       used 58650K, committed 60032K, reserved 1114112K
  class space    used 6308K, committed 6912K, reserved 1048576K
}
Event: 6.412 GC heap after
{Heap after GC invocations=64 (full 3):
 PSYoungGen      total 18432K, used 894K [0x00000000d5580000, 0x00000000d6880000, 0x0000000100000000)
  eden space 17408K, 0% used [0x00000000d5580000,0x00000000d5580000,0x00000000d6680000)
  from space 1024K, 87% used [0x00000000d6680000,0x00000000d675faa8,0x00000000d6780000)
  to   space 1024K, 0% used [0x00000000d6780000,0x00000000d6780000,0x00000000d6880000)
 ParOldGen       total 68608K, used 54040K [0x0000000080000000, 0x0000000084300000, 0x00000000d5580000)
  object space 68608K, 78% used [0x0000000080000000,0x00000000834c60d8,0x0000000084300000)
 Metaspace       used 58650K, committed 60032K, reserved 1114112K
  class space    used 6308K, committed 6912K, reserved 1048576K
}
Event: 6.425 GC heap before
{Heap before GC invocations=65 (full 3):
 PSYoungGen      total 18432K, used 18302K [0x00000000d5580000, 0x00000000d6880000, 0x0000000100000000)
  eden space 17408K, 100% used [0x00000000d5580000,0x00000000d6680000,0x00000000d6680000)
  from space 1024K, 87% used [0x00000000d6680000,0x00000000d675faa8,0x00000000d6780000)
  to   space 1024K, 0% used [0x00000000d6780000,0x00000000d6780000,0x00000000d6880000)
 ParOldGen       total 68608K, used 54040K [0x0000000080000000, 0x0000000084300000, 0x00000000d5580000)
  object space 68608K, 78% used [0x0000000080000000,0x00000000834c60d8,0x0000000084300000)
 Metaspace       used 58658K, committed 60096K, reserved 1114112K
  class space    used 6308K, committed 6912K, reserved 1048576K
}
Event: 6.427 GC heap after
{Heap after GC invocations=65 (full 3):
 PSYoungGen      total 18432K, used 1017K [0x00000000d5580000, 0x00000000d6880000, 0x0000000100000000)
  eden space 17408K, 0% used [0x00000000d5580000,0x00000000d5580000,0x00000000d6680000)
  from space 1024K, 99% used [0x00000000d6780000,0x00000000d687e7a0,0x00000000d6880000)
  to   space 1024K, 0% used [0x00000000d6680000,0x00000000d6680000,0x00000000d6780000)
 ParOldGen       total 68608K, used 55567K [0x0000000080000000, 0x0000000084300000, 0x00000000d5580000)
  object space 68608K, 80% used [0x0000000080000000,0x0000000083643d00,0x0000000084300000)
 Metaspace       used 58658K, committed 60096K, reserved 1114112K
  class space    used 6308K, committed 6912K, reserved 1048576K
}
Event: 6.439 GC heap before
{Heap before GC invocations=66 (full 3):
 PSYoungGen      total 18432K, used 18425K [0x00000000d5580000, 0x00000000d6880000, 0x0000000100000000)
  eden space 17408K, 100% used [0x00000000d5580000,0x00000000d6680000,0x00000000d6680000)
  from space 1024K, 99% used [0x00000000d6780000,0x00000000d687e7a0,0x00000000d6880000)
  to   space 1024K, 0% used [0x00000000d6680000,0x00000000d6680000,0x00000000d6780000)
 ParOldGen       total 68608K, used 55567K [0x0000000080000000, 0x0000000084300000, 0x00000000d5580000)
  object space 68608K, 80% used [0x0000000080000000,0x0000000083643d00,0x0000000084300000)
 Metaspace       used 58665K, committed 60096K, reserved 1114112K
  class space    used 6308K, committed 6912K, reserved 1048576K
}
Event: 6.441 GC heap after
{Heap after GC invocations=66 (full 3):
 PSYoungGen      total 18432K, used 608K [0x00000000d5580000, 0x00000000d6980000, 0x0000000100000000)
  eden space 17408K, 0% used [0x00000000d5580000,0x00000000d5580000,0x00000000d6680000)
  from space 1024K, 59% used [0x00000000d6680000,0x00000000d6718000,0x00000000d6780000)
  to   space 1536K, 0% used [0x00000000d6800000,0x00000000d6800000,0x00000000d6980000)
 ParOldGen       total 68608K, used 56393K [0x0000000080000000, 0x0000000084300000, 0x00000000d5580000)
  object space 68608K, 82% used [0x0000000080000000,0x0000000083712748,0x0000000084300000)
 Metaspace       used 58665K, committed 60096K, reserved 1114112K
  class space    used 6308K, committed 6912K, reserved 1048576K
}
Event: 6.449 GC heap before
{Heap before GC invocations=67 (full 3):
 PSYoungGen      total 18432K, used 18016K [0x00000000d5580000, 0x00000000d6980000, 0x0000000100000000)
  eden space 17408K, 100% used [0x00000000d5580000,0x00000000d6680000,0x00000000d6680000)
  from space 1024K, 59% used [0x00000000d6680000,0x00000000d6718000,0x00000000d6780000)
  to   space 1536K, 0% used [0x00000000d6800000,0x00000000d6800000,0x00000000d6980000)
 ParOldGen       total 68608K, used 56393K [0x0000000080000000, 0x0000000084300000, 0x00000000d5580000)
  object space 68608K, 82% used [0x0000000080000000,0x0000000083712748,0x0000000084300000)
 Metaspace       used 58670K, committed 60096K, reserved 1114112K
  class space    used 6308K, committed 6912K, reserved 1048576K
}
Event: 6.450 GC heap after
{Heap after GC invocations=67 (full 3):
 PSYoungGen      total 18944K, used 1088K [0x00000000d5580000, 0x00000000d6980000, 0x0000000100000000)
  eden space 17408K, 0% used [0x00000000d5580000,0x00000000d5580000,0x00000000d6680000)
  from space 1536K, 70% used [0x00000000d6800000,0x00000000d6910230,0x00000000d6980000)
  to   space 1536K, 0% used [0x00000000d6680000,0x00000000d6680000,0x00000000d6800000)
 ParOldGen       total 68608K, used 56864K [0x0000000080000000, 0x0000000084300000, 0x00000000d5580000)
  object space 68608K, 82% used [0x0000000080000000,0x0000000083788388,0x0000000084300000)
 Metaspace       used 58670K, committed 60096K, reserved 1114112K
  class space    used 6308K, committed 6912K, reserved 1048576K
}
Event: 6.462 GC heap before
{Heap before GC invocations=68 (full 3):
 PSYoungGen      total 18944K, used 18496K [0x00000000d5580000, 0x00000000d6980000, 0x0000000100000000)
  eden space 17408K, 100% used [0x00000000d5580000,0x00000000d6680000,0x00000000d6680000)
  from space 1536K, 70% used [0x00000000d6800000,0x00000000d6910230,0x00000000d6980000)
  to   space 1536K, 0% used [0x00000000d6680000,0x00000000d6680000,0x00000000d6800000)
 ParOldGen       total 68608K, used 56864K [0x0000000080000000, 0x0000000084300000, 0x00000000d5580000)
  object space 68608K, 82% used [0x0000000080000000,0x0000000083788388,0x0000000084300000)
 Metaspace       used 58685K, committed 60096K, reserved 1114112K
  class space    used 6308K, committed 6912K, reserved 1048576K
}
Event: 6.463 GC heap after
{Heap after GC invocations=68 (full 3):
 PSYoungGen      total 18432K, used 625K [0x00000000d5580000, 0x00000000d6880000, 0x0000000100000000)
  eden space 17408K, 0% used [0x00000000d5580000,0x00000000d5580000,0x00000000d6680000)
  from space 1024K, 61% used [0x00000000d6680000,0x00000000d671c7d0,0x00000000d6780000)
  to   space 1024K, 0% used [0x00000000d6780000,0x00000000d6780000,0x00000000d6880000)
 ParOldGen       total 68608K, used 57680K [0x0000000080000000, 0x0000000084300000, 0x00000000d5580000)
  object space 68608K, 84% used [0x0000000080000000,0x0000000083854388,0x0000000084300000)
 Metaspace       used 58685K, committed 60096K, reserved 1114112K
  class space    used 6308K, committed 6912K, reserved 1048576K
}
Event: 6.475 GC heap before
{Heap before GC invocations=69 (full 3):
 PSYoungGen      total 18432K, used 18033K [0x00000000d5580000, 0x00000000d6880000, 0x0000000100000000)
  eden space 17408K, 100% used [0x00000000d5580000,0x00000000d6680000,0x00000000d6680000)
  from space 1024K, 61% used [0x00000000d6680000,0x00000000d671c7d0,0x00000000d6780000)
  to   space 1024K, 0% used [0x00000000d6780000,0x00000000d6780000,0x00000000d6880000)
 ParOldGen       total 68608K, used 57680K [0x0000000080000000, 0x0000000084300000, 0x00000000d5580000)
  object space 68608K, 84% used [0x0000000080000000,0x0000000083854388,0x0000000084300000)
 Metaspace       used 58693K, committed 60160K, reserved 1114112K
  class space    used 6308K, committed 6912K, reserved 1048576K
}
Event: 6.476 GC heap after
{Heap after GC invocations=69 (full 3):
 PSYoungGen      total 18432K, used 896K [0x00000000d5580000, 0x00000000d6880000, 0x0000000100000000)
  eden space 17408K, 0% used [0x00000000d5580000,0x00000000d5580000,0x00000000d6680000)
  from space 1024K, 87% used [0x00000000d6780000,0x00000000d6860230,0x00000000d6880000)
  to   space 1024K, 0% used [0x00000000d6680000,0x00000000d6680000,0x00000000d6780000)
 ParOldGen       total 68608K, used 57980K [0x0000000080000000, 0x0000000084300000, 0x00000000d5580000)
  object space 68608K, 84% used [0x0000000080000000,0x000000008389f398,0x0000000084300000)
 Metaspace       used 58693K, committed 60160K, reserved 1114112K
  class space    used 6308K, committed 6912K, reserved 1048576K
}
Event: 6.507 GC heap before
{Heap before GC invocations=70 (full 3):
 PSYoungGen      total 18432K, used 18304K [0x00000000d5580000, 0x00000000d6880000, 0x0000000100000000)
  eden space 17408K, 99% used [0x00000000d5580000,0x00000000d667fff0,0x00000000d6680000)
  from space 1024K, 87% used [0x00000000d6780000,0x00000000d6860230,0x00000000d6880000)
  to   space 1024K, 0% used [0x00000000d6680000,0x00000000d6680000,0x00000000d6780000)
 ParOldGen       total 68608K, used 57980K [0x0000000080000000, 0x0000000084300000, 0x00000000d5580000)
  object space 68608K, 84% used [0x0000000080000000,0x000000008389f398,0x0000000084300000)
 Metaspace       used 58695K, committed 60160K, reserved 1114112K
  class space    used 6308K, committed 6912K, reserved 1048576K
}
Event: 6.508 GC heap after
{Heap after GC invocations=70 (full 3):
 PSYoungGen      total 18432K, used 448K [0x00000000d5580000, 0x00000000d6880000, 0x0000000100000000)
  eden space 17408K, 0% used [0x00000000d5580000,0x00000000d5580000,0x00000000d6680000)
  from space 1024K, 43% used [0x00000000d6680000,0x00000000d66f0000,0x00000000d6780000)
  to   space 1024K, 0% used [0x00000000d6780000,0x00000000d6780000,0x00000000d6880000)
 ParOldGen       total 68608K, used 58564K [0x0000000080000000, 0x0000000084300000, 0x00000000d5580000)
  object space 68608K, 85% used [0x0000000080000000,0x0000000083931398,0x0000000084300000)
 Metaspace       used 58695K, committed 60160K, reserved 1114112K
  class space    used 6308K, committed 6912K, reserved 1048576K
}
Event: 6.522 GC heap before
{Heap before GC invocations=71 (full 3):
 PSYoungGen      total 18432K, used 17856K [0x00000000d5580000, 0x00000000d6880000, 0x0000000100000000)
  eden space 17408K, 100% used [0x00000000d5580000,0x00000000d6680000,0x00000000d6680000)
  from space 1024K, 43% used [0x00000000d6680000,0x00000000d66f0000,0x00000000d6780000)
  to   space 1024K, 0% used [0x00000000d6780000,0x00000000d6780000,0x00000000d6880000)
 ParOldGen       total 68608K, used 58564K [0x0000000080000000, 0x0000000084300000, 0x00000000d5580000)
  object space 68608K, 85% used [0x0000000080000000,0x0000000083931398,0x0000000084300000)
 Metaspace       used 58701K, committed 60160K, reserved 1114112K
  class space    used 6308K, committed 6912K, reserved 1048576K
}
Event: 6.524 GC heap after
{Heap after GC invocations=71 (full 3):
 PSYoungGen      total 18432K, used 864K [0x00000000d5580000, 0x00000000d6880000, 0x0000000100000000)
  eden space 17408K, 0% used [0x00000000d5580000,0x00000000d5580000,0x00000000d6680000)
  from space 1024K, 84% used [0x00000000d6780000,0x00000000d6858000,0x00000000d6880000)
  to   space 1024K, 0% used [0x00000000d6680000,0x00000000d6680000,0x00000000d6780000)
 ParOldGen       total 68608K, used 58860K [0x0000000080000000, 0x0000000084300000, 0x00000000d5580000)
  object space 68608K, 85% used [0x0000000080000000,0x000000008397b398,0x0000000084300000)
 Metaspace       used 58701K, committed 60160K, reserved 1114112K
  class space    used 6308K, committed 6912K, reserved 1048576K
}
Event: 6.538 GC heap before
{Heap before GC invocations=72 (full 3):
 PSYoungGen      total 18432K, used 18272K [0x00000000d5580000, 0x00000000d6880000, 0x0000000100000000)
  eden space 17408K, 100% used [0x00000000d5580000,0x00000000d6680000,0x00000000d6680000)
  from space 1024K, 84% used [0x00000000d6780000,0x00000000d6858000,0x00000000d6880000)
  to   space 1024K, 0% used [0x00000000d6680000,0x00000000d6680000,0x00000000d6780000)
 ParOldGen       total 68608K, used 58860K [0x0000000080000000, 0x0000000084300000, 0x00000000d5580000)
  object space 68608K, 85% used [0x0000000080000000,0x000000008397b398,0x0000000084300000)
 Metaspace       used 58705K, committed 60160K, reserved 1114112K
  class space    used 6308K, committed 6912K, reserved 1048576K
}

